mode: set
github.com/goodben7/mon-api-gin.git/config/validator.go:11.23,13.67 1 0
github.com/goodben7/mon-api-gin.git/config/validator.go:13.67,15.83 2 0
github.com/goodben7/mon-api-gin.git/config/validator.go:15.83,17.4 1 0
github.com/goodben7/mon-api-gin.git/main.go:12.13,25.29 5 0
github.com/goodben7/mon-api-gin.git/main.go:25.29,27.3 1 0
github.com/goodben7/mon-api-gin.git/main.go:30.2,30.38 1 0
github.com/goodben7/mon-api-gin.git/main.go:30.38,32.3 1 0
github.com/goodben7/mon-api-gin.git/main.go:35.2,35.39 1 0
github.com/goodben7/mon-api-gin.git/main.go:35.39,37.3 1 0
github.com/goodben7/mon-api-gin.git/routes/routes.go:8.33,10.2 2 0
github.com/goodben7/mon-api-gin.git/routes/routes.go:10.2,13.3 2 0
github.com/goodben7/mon-api-gin.git/middleware/logger.go:10.31,11.30 1 0
github.com/goodben7/mon-api-gin.git/middleware/logger.go:11.30,16.3 4 0
github.com/goodben7/mon-api-gin.git/testutils/testutils.go:13.113,18.66 4 0
github.com/goodben7/mon-api-gin.git/testutils/testutils.go:18.66,20.3 1 0
github.com/goodben7/mon-api-gin.git/testutils/testutils.go:22.2,26.40 4 0
github.com/goodben7/mon-api-gin.git/testutils/testutils.go:29.73,32.2 2 0
github.com/goodben7/mon-api-gin.git/handlers/user.go:11.30,17.2 2 0
github.com/goodben7/mon-api-gin.git/handlers/user.go:19.34,27.2 3 0
github.com/goodben7/mon-api-gin.git/handlers/user.go:29.33,33.48 2 1
github.com/goodben7/mon-api-gin.git/handlers/user.go:33.48,35.67 1 0
github.com/goodben7/mon-api-gin.git/handlers/user.go:35.67,37.48 2 0
github.com/goodben7/mon-api-gin.git/handlers/user.go:37.48,39.40 1 0
github.com/goodben7/mon-api-gin.git/handlers/user.go:39.40,41.6 1 0
github.com/goodben7/mon-api-gin.git/handlers/user.go:41.11,47.6 1 0
github.com/goodben7/mon-api-gin.git/handlers/user.go:49.4,50.10 2 0
github.com/goodben7/mon-api-gin.git/handlers/user.go:53.3,54.9 2 0
github.com/goodben7/mon-api-gin.git/handlers/user.go:58.2,58.60 1 0
